<?xml version="1.0" encoding="UTF-8"?>
<!-- Generated by org.testng.reporters.JUnitReportReporter -->
<testsuite hostname="Admin-PC" failures="0" tests="3" name="Automation.Testsuite.Day16_AutomationTesting_Alert_Test" time="13.993" errors="0" timestamp="2025-06-15T19:41:16 GMT+07:00" skipped="0">
  <testcase classname="Automation.Testsuite.Day16_AutomationTesting_Alert_Test" name="Alert_Ok_Cancel" time="4.065"/>
  <testcase classname="Automation.Testsuite.Day16_AutomationTesting_Alert_Test" name="Alert_With_Textbox" time="6.192"/>
  <testcase classname="Automation.Testsuite.Day16_AutomationTesting_Alert_Test" name="Alert_OK" time="3.736"/>
</testsuite> <!-- Automation.Testsuite.Day16_AutomationTesting_Alert_Test -->
